\BOOKMARK [1][-]{section*.1}{\376\377\000A\000b\000s\000t\000r\000a\000c\000t\000\040}{}% 1
\BOOKMARK [1][-]{section*.2}{\376\377\000P\000r\000e\000f\000a\000c\000e}{}% 2
\BOOKMARK [1][-]{section*.3}{\376\377\000C\000o\000n\000t\000e\000n\000t\000s}{}% 3
\BOOKMARK [1][-]{section*.5}{\376\377\000S\000y\000m\000b\000o\000l\000s\000\040\000a\000n\000d\000\040\000a\000b\000b\000r\000e\000v\000i\000a\000t\000i\000o\000n\000s}{}% 4
\BOOKMARK [1][-]{section.1}{\376\377\0001\000\040\000I\000n\000t\000r\000o\000d\000u\000c\000t\000i\000o\000n}{}% 5
\BOOKMARK [1][-]{section.2}{\376\377\0002\000\040\000P\000r\000e\000l\000i\000m\000i\000n\000a\000r\000i\000e\000s}{}% 6
\BOOKMARK [2][-]{subsection.2.1}{\376\377\0002\000.\0001\000\040\000C\000o\000n\000g\000e\000s\000t\000e\000d\000\040\000c\000l\000i\000q\000u\000e}{section.2}% 7
\BOOKMARK [2][-]{subsection.2.2}{\376\377\0002\000.\0002\000\040\000T\000h\000e\000\040\000a\000l\000g\000o\000r\000i\000t\000h\000m\000\040\000M\000S\000T\000\137\000n}{section.2}% 8
\BOOKMARK [2][-]{subsection.2.3}{\376\377\0002\000.\0003\000\040\000T\000h\000e\000\040\000s\000u\000p\000e\000r\000-\000c\000o\000m\000p\000u\000t\000e\000r\000\040\000P\000u\000h\000t\000i}{section.2}% 9
\BOOKMARK [2][-]{subsection.2.4}{\376\377\0002\000.\0004\000\040\000M\000P\000I}{section.2}% 10
\BOOKMARK [2][-]{subsection.2.5}{\376\377\0002\000.\0005\000\040\000C\000U\000D\000A}{section.2}% 11
\BOOKMARK [1][-]{section.3}{\376\377\0003\000\040\000C\000o\000n\000g\000e\000s\000t\000e\000d\000\040\000c\000l\000i\000q\000u\000e\000\040\000t\000o\000\040\000M\000P\000I}{}% 12
\BOOKMARK [2][-]{subsection.3.1}{\376\377\0003\000.\0001\000\040\000C\000o\000n\000g\000e\000s\000t\000e\000d\000\040\000C\000l\000i\000q\000u\000e\000\040\000s\000i\000m\000u\000l\000a\000t\000i\000o\000n}{section.3}% 13
\BOOKMARK [2][-]{subsection.3.2}{\376\377\0003\000.\0002\000\040\000S\000i\000m\000p\000l\000i\000f\000i\000c\000a\000t\000i\000o\000n\000\040\000o\000n\000\040\000t\000h\000e\000\040\000f\000i\000r\000s\000t\000\040\000r\000o\000u\000n\000d}{section.3}% 14
\BOOKMARK [2][-]{subsection.3.3}{\376\377\0003\000.\0003\000\040\000U\000n\000i\000o\000n\000-\000f\000i\000n\000d}{section.3}% 15
\BOOKMARK [2][-]{subsection.3.4}{\376\377\0003\000.\0004\000\040\000R\000a\000n\000d\000o\000m\000\040\000v\000e\000r\000t\000e\000x\000\040\000p\000a\000r\000t\000i\000t\000i\000o\000n\000i\000n\000g}{section.3}% 16
\BOOKMARK [2][-]{subsection.3.5}{\376\377\0003\000.\0005\000\040\000M\000e\000m\000o\000r\000y\000\040\000l\000i\000m\000i\000t\000\040\000a\000n\000d\000\040\000g\000r\000a\000p\000h\000\040\000g\000e\000n\000e\000r\000a\000t\000i\000o\000n}{section.3}% 17
\BOOKMARK [1][-]{section.4}{\376\377\0004\000\040\000M\000P\000I\000\040\000A\000l\000g\000o\000r\000i\000t\000h\000m\000\040\000p\000e\000r\000f\000o\000r\000m\000a\000n\000c\000e}{}% 18
\BOOKMARK [2][-]{subsection.4.1}{\376\377\0004\000.\0001\000\040\000M\000S\000T\000\137\000n\000\040\000t\000i\000m\000e\000\040\000c\000o\000m\000p\000o\000s\000i\000t\000i\000o\000n}{section.4}% 19
\BOOKMARK [2][-]{subsection.4.2}{\376\377\0004\000.\0002\000\040\000p\000e\000r\000f\000o\000r\000m\000a\000n\000c\000e\000\040\000c\000o\000m\000p\000a\000r\000e\000d\000\040\000t\000o\000\040\000s\000e\000q\000u\000e\000n\000t\000i\000a\000l\000\040\000a\000l\000g\000o\000r\000i\000t\000h\000m}{section.4}% 20
\BOOKMARK [2][-]{subsection.4.3}{\376\377\0004\000.\0003\000\040\000S\000c\000a\000l\000a\000b\000i\000l\000i\000t\000y}{section.4}% 21
\BOOKMARK [2][-]{subsection.4.4}{\376\377\0004\000.\0004\000\040\000P\000y\000t\000h\000o\000n\000\040\000v\000s\000\040\000C\000+\000+}{section.4}% 22
\BOOKMARK [1][-]{section.5}{\376\377\0005\000\040\000C\000o\000n\000g\000e\000s\000t\000e\000d\000\040\000c\000l\000i\000q\000u\000e\000\040\000t\000o\000\040\000C\000U\000D\000A}{}% 23
\BOOKMARK [2][-]{subsection.5.1}{\376\377\0005\000.\0001\000\040\000C\000o\000n\000g\000e\000s\000t\000e\000d\000\040\000C\000l\000i\000q\000u\000e\000\040\000s\000i\000m\000u\000l\000a\000t\000i\000o\000n}{section.5}% 24
\BOOKMARK [1][-]{section.6}{\376\377\0006\000\040\000C\000U\000D\000A\000\040\000p\000e\000r\000f\000o\000r\000m\000a\000n\000c\000e}{}% 25
\BOOKMARK [1][-]{section*.10}{\376\377\000R\000e\000f\000e\000r\000e\000n\000c\000e\000s}{}% 26
